
> frontend@0.1.0 build
> next build

   ▲ Next.js 15.5.12
   - Environments: .env.local, .env

   Creating an optimized production build ...
 ✓ Compiled successfully in 7.0s
   Skipping linting
   Checking validity of types ...
   Collecting page data ...
   Generating static pages (0/5) ...
✅ Firebase initialized with project: developerintelligencedashboard
   Generating static pages (1/5) 
   Generating static pages (2/5) 
   Generating static pages (3/5) 
 ✓ Generating static pages (5/5)
   Finalizing page optimization ...
   Collecting build traces ...
 ⚠ Statically exporting a Next.js application via `next export` disables API routes and middleware.
This command is meant for static-only hosts, and is not necessary to make your application static.
Pages in your application without server-side data dependencies will be automatically statically exported by `next build`, including pages powered by `getStaticProps`.
Learn more: https://nextjs.org/docs/messages/api-routes-static-export
   Exporting (0/2) ...
 ✓ Exporting (2/2)

Route (app)                                 Size  First Load JS
┌ ○ /                                     238 kB         340 kB
└ ○ /_not-found                            995 B         103 kB
+ First Load JS shared by all             102 kB
  ├ chunks/255-374fd3295d87011c.js       45.9 kB
  ├ chunks/4bd1b696-21f374d1156f834a.js  54.2 kB
  └ other shared chunks (total)          1.93 kB


ƒ Middleware                             32.2 kB

○  (Static)  prerendered as static content

